Using pre-set license
Built from '2021.3/staging' branch; Version is '2021.3.9f1 (ad3870b89536) revision 11352176'; Using compiler version '192829333'; Build Type 'Release'
OS: 'Windows 10  (10.0.19044) 64bit Core' Language: 'ru' Physical Memory: 16174 MB
BatchMode: 1, IsHumanControllingUs: 0, StartBugReporterOnCrash: 0, Is64bit: 1, IsPro: 1

COMMAND LINE ARGUMENTS:
C:\Program Files\Unity\Hub\Editor\2021.3.9f1\Editor\Unity.exe
-adb2
-batchMode
-noUpm
-name
AssetImportWorker1
-projectPath
D:/my game/jiggsaw-puzzle
-logFile
Logs/AssetImportWorker1.log
-srvPort
64691
Successfully changed project path to: D:/my game/jiggsaw-puzzle
D:/my game/jiggsaw-puzzle
[UnityMemory] Configuration Parameters - Can be set up in boot.config
    "memorysetup-bucket-allocator-granularity=16"
    "memorysetup-bucket-allocator-bucket-count=8"
    "memorysetup-bucket-allocator-block-size=33554432"
    "memorysetup-bucket-allocator-block-count=8"
    "memorysetup-main-allocator-block-size=16777216"
    "memorysetup-thread-allocator-block-size=16777216"
    "memorysetup-gfx-main-allocator-block-size=16777216"
    "memorysetup-gfx-thread-allocator-block-size=16777216"
    "memorysetup-cache-allocator-block-size=4194304"
    "memorysetup-typetree-allocator-block-size=2097152"
    "memorysetup-profiler-bucket-allocator-granularity=16"
    "memorysetup-profiler-bucket-allocator-bucket-count=8"
    "memorysetup-profiler-bucket-allocator-block-size=33554432"
    "memorysetup-profiler-bucket-allocator-block-count=8"
    "memorysetup-profiler-allocator-block-size=16777216"
    "memorysetup-profiler-editor-allocator-block-size=1048576"
    "memorysetup-temp-allocator-size-main=16777216"
    "memorysetup-job-temp-allocator-block-size=2097152"
    "memorysetup-job-temp-allocator-block-size-background=1048576"
    "memorysetup-job-temp-allocator-reduction-small-platforms=262144"
    "memorysetup-temp-allocator-size-background-worker=32768"
    "memorysetup-temp-allocator-size-job-worker=262144"
    "memorysetup-temp-allocator-size-preload-manager=33554432"
    "memorysetup-temp-allocator-size-nav-mesh-worker=65536"
    "memorysetup-temp-allocator-size-audio-worker=65536"
    "memorysetup-temp-allocator-size-cloud-worker=32768"
    "memorysetup-temp-allocator-size-gi-baking-worker=262144"
    "memorysetup-temp-allocator-size-gfx=262144"
Refreshing native plugins compatible for Editor in 302.88 ms, found 5 plugins.
Preloading 0 native plugins for Editor in 0.00 ms.
Initialize engine version: 2021.3.9f1 (ad3870b89536)
[Subsystems] Discovering subsystems at path C:/Program Files/Unity/Hub/Editor/2021.3.9f1/Editor/Data/Resources/UnitySubsystems
[Subsystems] Discovering subsystems at path D:/my game/jiggsaw-puzzle/Assets
GfxDevice: creating device client; threaded=0; jobified=0
Direct3D:
    Version:  Direct3D 11.0 [level 11.1]
    Renderer: NVIDIA GeForce MX350 (ID=0x1c94)
    Vendor:   NVIDIA
    VRAM:     1979 MB
    Driver:   31.0.15.2225
Initialize mono
Mono path[0] = 'C:/Program Files/Unity/Hub/Editor/2021.3.9f1/Editor/Data/Managed'
Mono path[1] = 'C:/Program Files/Unity/Hub/Editor/2021.3.9f1/Editor/Data/MonoBleedingEdge/lib/mono/unityjit-win32'
Mono config path = 'C:/Program Files/Unity/Hub/Editor/2021.3.9f1/Editor/Data/MonoBleedingEdge/etc'
Using monoOptions --debugger-agent=transport=dt_socket,embedding=1,server=y,suspend=n,address=127.0.0.1:56348
Begin MonoManager ReloadAssembly
Registering precompiled unity dll's ...
Register platform support module: C:/Program Files/Unity/Hub/Editor/2021.3.9f1/Editor/Data/PlaybackEngines/AndroidPlayer/UnityEditor.Android.Extensions.dll
Register platform support module: C:/Program Files/Unity/Hub/Editor/2021.3.9f1/Editor/Data/PlaybackEngines/WindowsStandaloneSupport/UnityEditor.WindowsStandalone.Extensions.dll
Registered in 0.019549 seconds.
Native extension for WindowsStandalone target not found
Native extension for Android target not found
Refreshing native plugins compatible for Editor in 218.18 ms, found 5 plugins.
Preloading 0 native plugins for Editor in 0.00 ms.
Mono: successfully reloaded assembly
- Completed reload, in  2.111 seconds
Domain Reload Profiling:
	ReloadAssembly (2112ms)
		BeginReloadAssembly (253ms)
			ExecutionOrderSort (0ms)
			DisableScriptedObjects (0ms)
			BackupInstance (0ms)
			ReleaseScriptingObjects (0ms)
			CreateAndSetChildDomain (4ms)
		EndReloadAssembly (1501ms)
			LoadAssemblies (245ms)
			RebuildTransferFunctionScriptingTraits (0ms)
			SetupTypeCache (390ms)
			ReleaseScriptCaches (0ms)
			RebuildScriptCaches (111ms)
			SetupLoadedEditorAssemblies (821ms)
				LogAssemblyErrors (0ms)
				InitializePlatformSupportModulesInManaged (181ms)
				SetLoadedEditorAssemblies (1ms)
				RefreshPlugins (219ms)
				BeforeProcessingInitializeOnLoad (6ms)
				ProcessInitializeOnLoadAttributes (298ms)
				ProcessInitializeOnLoadMethodAttributes (117ms)
				AfterProcessingInitializeOnLoad (0ms)
				EditorAssembliesLoaded (0ms)
			ExecutionOrderSort2 (0ms)
			AwakeInstancesAfterBackupRestoration (0ms)
Platform modules already initialized, skipping
Registering precompiled user dll's ...
Registered in 0.032730 seconds.
Begin MonoManager ReloadAssembly
Symbol file LoadedFromMemory doesn't match image D:\my game\jiggsaw-puzzle\Library\PackageCache\com.unity.visualscripting@1.7.8\Editor\VisualScripting.Core\Dependencies\YamlDotNet\Unity.VisualScripting.YamlDotNet.dll
Symbol file LoadedFromMemory doesn't match image D:\my game\jiggsaw-puzzle\Library\PackageCache\com.unity.visualscripting@1.7.8\Editor\VisualScripting.Core\Dependencies\DotNetZip\Unity.VisualScripting.IonicZip.dll
Native extension for WindowsStandalone target not found
Native extension for Android target not found
Refreshing native plugins compatible for Editor in 1.99 ms, found 5 plugins.
Preloading 0 native plugins for Editor in 0.00 ms.
Mono: successfully reloaded assembly
- Completed reload, in  9.234 seconds
Domain Reload Profiling:
	ReloadAssembly (9236ms)
		BeginReloadAssembly (341ms)
			ExecutionOrderSort (0ms)
			DisableScriptedObjects (23ms)
			BackupInstance (0ms)
			ReleaseScriptingObjects (0ms)
			CreateAndSetChildDomain (54ms)
		EndReloadAssembly (8455ms)
			LoadAssemblies (291ms)
			RebuildTransferFunctionScriptingTraits (0ms)
			SetupTypeCache (921ms)
			ReleaseScriptCaches (2ms)
			RebuildScriptCaches (195ms)
			SetupLoadedEditorAssemblies (6563ms)
				LogAssemblyErrors (0ms)
				InitializePlatformSupportModulesInManaged (56ms)
				SetLoadedEditorAssemblies (2ms)
				RefreshPlugins (2ms)
				BeforeProcessingInitializeOnLoad (330ms)
				ProcessInitializeOnLoadAttributes (5141ms)
				ProcessInitializeOnLoadMethodAttributes (992ms)
				AfterProcessingInitializeOnLoad (30ms)
				EditorAssembliesLoaded (11ms)
			ExecutionOrderSort2 (0ms)
			AwakeInstancesAfterBackupRestoration (181ms)
Platform modules already initialized, skipping
========================================================================
Worker process is ready to serve import requests
Launched and connected shader compiler UnityShaderCompiler.exe after 0.12 seconds
Refreshing native plugins compatible for Editor in 1.88 ms, found 5 plugins.
Preloading 0 native plugins for Editor in 0.00 ms.
Unloading 3593 Unused Serialized files (Serialized files now loaded: 0)
Unloading 46 unused Assets / (113.8 KB). Loaded Objects now: 4104.
Memory consumption went from 126.0 MB to 125.9 MB.
Total: 88.111300 ms (FindLiveObjects: 0.636200 ms CreateObjectMapping: 0.370300 ms MarkObjects: 80.737200 ms  DeleteObjects: 6.364300 ms)

AssetImportParameters requested are different than current active one (requested -> active):
  custom:video-decoder-ogg-theora: a1e56fd34408186e4bbccfd4996cb3dc -> 
  custom:container-muxer-webm: aa71ff27fc2769a1b78a27578f13a17b -> 
  custom:container-demuxer-webm: 4f35f7cbe854078d1ac9338744f61a02 -> 
  custom:video-encoder-webm-vp8: eb34c28f22e8b96e1ab97ce403110664 -> 
  custom:audio-encoder-webm-vorbis: bf7c407c2cedff20999df2af8eb42d56 -> 
  custom:framework-win-MediaFoundation: 216162199b28c13a410421893ffa2e32 -> 
  custom:container-demuxer-ogg: 62fdf1f143b41e24485cea50d1cbac27 -> 
  custom:video-decoder-webm-vp8: 9c59270c3fd7afecdb556c50c9e8de78 -> 
  custom:audio-decoder-ogg-vorbis: bf7c407c2cedff20999df2af8eb42d56 -> 
========================================================================
Received Import Request.
  Time since last request: 1026.438646 seconds.
  path: Assets/Models/Puzzles/happy_kitty_5x3/0x0.asset
  artifactKey: Guid(063cbae2178f4914ab04bd07416c2fd4) Importer(815301076,1909f56bfc062723c751e8b465ee728b)
Start importing Assets/Models/Puzzles/happy_kitty_5x3/0x0.asset using Guid(063cbae2178f4914ab04bd07416c2fd4) Importer(815301076,1909f56bfc062723c751e8b465ee728b)  -> (artifact id: '51da6976152750e8f5bbdbcca3379b1c') in 0.343795 seconds 
========================================================================
Received Import Request.
  Time since last request: 0.000041 seconds.
  path: Assets/Models/Puzzles/happy_kitty_5x3/4x1.asset
  artifactKey: Guid(dea52a0a50e59974090d7bab6d7014e2) Importer(815301076,1909f56bfc062723c751e8b465ee728b)
Start importing Assets/Models/Puzzles/happy_kitty_5x3/4x1.asset using Guid(dea52a0a50e59974090d7bab6d7014e2) Importer(815301076,1909f56bfc062723c751e8b465ee728b)  -> (artifact id: '6dfdbe2fe9372892e9aa064203393501') in 0.021226 seconds 
========================================================================
Received Import Request.
  Time since last request: 0.000069 seconds.
  path: Assets/Models/Puzzles/happy_kitty_5x3/1x2.asset
  artifactKey: Guid(15dbafd532c138f4aa67ad75e3618352) Importer(815301076,1909f56bfc062723c751e8b465ee728b)
Start importing Assets/Models/Puzzles/happy_kitty_5x3/1x2.asset using Guid(15dbafd532c138f4aa67ad75e3618352) Importer(815301076,1909f56bfc062723c751e8b465ee728b)  -> (artifact id: 'f42060b1d126725429f480957fed2e1f') in 0.041360 seconds 
========================================================================
Received Import Request.
  Time since last request: 0.000039 seconds.
  path: Assets/Models/Puzzles/happy_kitty_5x3/3x1.asset
  artifactKey: Guid(80acc95583e117c41accf4c11a8a9556) Importer(815301076,1909f56bfc062723c751e8b465ee728b)
Start importing Assets/Models/Puzzles/happy_kitty_5x3/3x1.asset using Guid(80acc95583e117c41accf4c11a8a9556) Importer(815301076,1909f56bfc062723c751e8b465ee728b)  -> (artifact id: '64c2dc1260648767b3c0b42523db8372') in 0.024038 seconds 
========================================================================
Received Import Request.
  Time since last request: 0.000052 seconds.
  path: Assets/Models/Puzzles/happy_kitty_5x3/0x2.asset
  artifactKey: Guid(6731dab764405c646974148ba0b65f56) Importer(815301076,1909f56bfc062723c751e8b465ee728b)
Start importing Assets/Models/Puzzles/happy_kitty_5x3/0x2.asset using Guid(6731dab764405c646974148ba0b65f56) Importer(815301076,1909f56bfc062723c751e8b465ee728b)  -> (artifact id: 'a1599ec387f5b8e7bbcb97d00e47ad35') in 0.019721 seconds 
========================================================================
Received Import Request.
  Time since last request: 0.000038 seconds.
  path: Assets/Models/Puzzles/happy_kitty_5x3/3x0.asset
  artifactKey: Guid(461868365e0b73d4db7023c9513a033f) Importer(815301076,1909f56bfc062723c751e8b465ee728b)
Start importing Assets/Models/Puzzles/happy_kitty_5x3/3x0.asset using Guid(461868365e0b73d4db7023c9513a033f) Importer(815301076,1909f56bfc062723c751e8b465ee728b)  -> (artifact id: 'bb72e5bcecc09c069cbf52e113c6fe92') in 0.028340 seconds 
========================================================================
Received Import Request.
  Time since last request: 0.000031 seconds.
  path: Assets/Models/Puzzles/happy_kitty_5x3/4x0.asset
  artifactKey: Guid(ab02a01324106254fa3f11f4e16ba1dc) Importer(815301076,1909f56bfc062723c751e8b465ee728b)
Start importing Assets/Models/Puzzles/happy_kitty_5x3/4x0.asset using Guid(ab02a01324106254fa3f11f4e16ba1dc) Importer(815301076,1909f56bfc062723c751e8b465ee728b)  -> (artifact id: '6a8572420024e0521c75c32e1c5c7024') in 0.026466 seconds 
========================================================================
Received Import Request.
  Time since last request: 0.000044 seconds.
  path: Assets/Models/Puzzles/happy_kitty_5x3/0x1.asset
  artifactKey: Guid(8ba6c5625cc93c64c9715617b2e657f3) Importer(815301076,1909f56bfc062723c751e8b465ee728b)
Start importing Assets/Models/Puzzles/happy_kitty_5x3/0x1.asset using Guid(8ba6c5625cc93c64c9715617b2e657f3) Importer(815301076,1909f56bfc062723c751e8b465ee728b)  -> (artifact id: 'c6e5c749c9895203fb0f88b8bacc6574') in 0.044358 seconds 
========================================================================
Received Prepare
Registering precompiled user dll's ...
Registered in 0.023932 seconds.
Begin MonoManager ReloadAssembly
Symbol file LoadedFromMemory doesn't match image D:\my game\jiggsaw-puzzle\Library\PackageCache\com.unity.visualscripting@1.7.8\Editor\VisualScripting.Core\Dependencies\YamlDotNet\Unity.VisualScripting.YamlDotNet.dll
Symbol file LoadedFromMemory doesn't match image D:\my game\jiggsaw-puzzle\Library\PackageCache\com.unity.visualscripting@1.7.8\Editor\VisualScripting.Core\Dependencies\DotNetZip\Unity.VisualScripting.IonicZip.dll
Native extension for WindowsStandalone target not found
Native extension for Android target not found
Refreshing native plugins compatible for Editor in 1.63 ms, found 5 plugins.
Preloading 0 native plugins for Editor in 0.00 ms.
Mono: successfully reloaded assembly
- Completed reload, in  8.210 seconds
Domain Reload Profiling:
	ReloadAssembly (8213ms)
		BeginReloadAssembly (450ms)
			ExecutionOrderSort (0ms)
			DisableScriptedObjects (19ms)
			BackupInstance (0ms)
			ReleaseScriptingObjects (0ms)
			CreateAndSetChildDomain (161ms)
		EndReloadAssembly (7485ms)
			LoadAssemblies (308ms)
			RebuildTransferFunctionScriptingTraits (0ms)
			SetupTypeCache (894ms)
			ReleaseScriptCaches (3ms)
			RebuildScriptCaches (155ms)
			SetupLoadedEditorAssemblies (5857ms)
				LogAssemblyErrors (0ms)
				InitializePlatformSupportModulesInManaged (85ms)
				SetLoadedEditorAssemblies (2ms)
				RefreshPlugins (2ms)
				BeforeProcessingInitializeOnLoad (213ms)
				ProcessInitializeOnLoadAttributes (4517ms)
				ProcessInitializeOnLoadMethodAttributes (979ms)
				AfterProcessingInitializeOnLoad (30ms)
				EditorAssembliesLoaded (30ms)
			ExecutionOrderSort2 (0ms)
			AwakeInstancesAfterBackupRestoration (132ms)
Platform modules already initialized, skipping
Refreshing native plugins compatible for Editor in 11.11 ms, found 5 plugins.
Preloading 0 native plugins for Editor in 0.00 ms.
Unloading 3581 Unused Serialized files (Serialized files now loaded: 0)
Unloading 39 unused Assets / (81.0 KB). Loaded Objects now: 4117.
Memory consumption went from 131.2 MB to 131.1 MB.
Total: 60.354100 ms (FindLiveObjects: 0.512100 ms CreateObjectMapping: 0.366100 ms MarkObjects: 59.212200 ms  DeleteObjects: 0.260700 ms)

AssetImportParameters requested are different than current active one (requested -> active):
  custom:video-decoder-ogg-theora: a1e56fd34408186e4bbccfd4996cb3dc -> 
  custom:container-muxer-webm: aa71ff27fc2769a1b78a27578f13a17b -> 
  custom:container-demuxer-webm: 4f35f7cbe854078d1ac9338744f61a02 -> 
  custom:video-encoder-webm-vp8: eb34c28f22e8b96e1ab97ce403110664 -> 
  custom:audio-encoder-webm-vorbis: bf7c407c2cedff20999df2af8eb42d56 -> 
  custom:framework-win-MediaFoundation: 216162199b28c13a410421893ffa2e32 -> 
  custom:container-demuxer-ogg: 62fdf1f143b41e24485cea50d1cbac27 -> 
  custom:video-decoder-webm-vp8: 9c59270c3fd7afecdb556c50c9e8de78 -> 
  custom:audio-decoder-ogg-vorbis: bf7c407c2cedff20999df2af8eb42d56 -> 
========================================================================
Received Import Request.
  Time since last request: 30.575131 seconds.
  path: Assets/Models/Puzzles/happy_kitty_5x3/0x1.asset
  artifactKey: Guid(8ba6c5625cc93c64c9715617b2e657f3) Importer(815301076,1909f56bfc062723c751e8b465ee728b)
Start importing Assets/Models/Puzzles/happy_kitty_5x3/0x1.asset using Guid(8ba6c5625cc93c64c9715617b2e657f3) Importer(815301076,1909f56bfc062723c751e8b465ee728b)  -> (artifact id: 'e58bf5975d1ea07336709b12d0b54fe8') in 0.219940 seconds 
========================================================================
Received Import Request.
  Time since last request: 0.000059 seconds.
  path: Assets/Models/Puzzles/happy_kitty_5x3/4x1.asset
  artifactKey: Guid(dea52a0a50e59974090d7bab6d7014e2) Importer(815301076,1909f56bfc062723c751e8b465ee728b)
Start importing Assets/Models/Puzzles/happy_kitty_5x3/4x1.asset using Guid(dea52a0a50e59974090d7bab6d7014e2) Importer(815301076,1909f56bfc062723c751e8b465ee728b)  -> (artifact id: 'dafe3f7cc37e904d1f456e93396b7f8e') in 0.023962 seconds 
========================================================================
Received Import Request.
  Time since last request: 0.000077 seconds.
  path: Assets/Models/Puzzles/happy_kitty_5x3/1x2.asset
  artifactKey: Guid(15dbafd532c138f4aa67ad75e3618352) Importer(815301076,1909f56bfc062723c751e8b465ee728b)
Start importing Assets/Models/Puzzles/happy_kitty_5x3/1x2.asset using Guid(15dbafd532c138f4aa67ad75e3618352) Importer(815301076,1909f56bfc062723c751e8b465ee728b)  -> (artifact id: '7564cebc9b6802ff006236347aa72147') in 0.021725 seconds 
========================================================================
Received Import Request.
  Time since last request: 0.000040 seconds.
  path: Assets/Models/Puzzles/happy_kitty_5x3/2x1.asset
  artifactKey: Guid(37a2795b2fe533043abeaac3d3b030cf) Importer(815301076,1909f56bfc062723c751e8b465ee728b)
Start importing Assets/Models/Puzzles/happy_kitty_5x3/2x1.asset using Guid(37a2795b2fe533043abeaac3d3b030cf) Importer(815301076,1909f56bfc062723c751e8b465ee728b)  -> (artifact id: '4580bfba68392eece697f8120646b8fb') in 0.020370 seconds 
========================================================================
Received Import Request.
  Time since last request: 0.000050 seconds.
  path: Assets/Models/Puzzles/happy_kitty_5x3/0x2.asset
  artifactKey: Guid(6731dab764405c646974148ba0b65f56) Importer(815301076,1909f56bfc062723c751e8b465ee728b)
Start importing Assets/Models/Puzzles/happy_kitty_5x3/0x2.asset using Guid(6731dab764405c646974148ba0b65f56) Importer(815301076,1909f56bfc062723c751e8b465ee728b)  -> (artifact id: '303aa6d2cd7328a1390307b58afa6332') in 0.020360 seconds 
========================================================================
Received Import Request.
  Time since last request: 0.000058 seconds.
  path: Assets/Models/Puzzles/happy_kitty_5x3/2x0.asset
  artifactKey: Guid(cff29c008f3ab82428f69ff1af520be7) Importer(815301076,1909f56bfc062723c751e8b465ee728b)
Start importing Assets/Models/Puzzles/happy_kitty_5x3/2x0.asset using Guid(cff29c008f3ab82428f69ff1af520be7) Importer(815301076,1909f56bfc062723c751e8b465ee728b)  -> (artifact id: '3d00b63c0b35d9401b1d4634c9b76d97') in 0.020214 seconds 
========================================================================
Received Import Request.
  Time since last request: 0.000054 seconds.
  path: Assets/Models/Puzzles/happy_kitty_5x3/1x0.asset
  artifactKey: Guid(e1149366c930c3141a89e532df323393) Importer(815301076,1909f56bfc062723c751e8b465ee728b)
Start importing Assets/Models/Puzzles/happy_kitty_5x3/1x0.asset using Guid(e1149366c930c3141a89e532df323393) Importer(815301076,1909f56bfc062723c751e8b465ee728b)  -> (artifact id: '87a7b0a47b50dd7949f76a941c9ba574') in 0.017843 seconds 
========================================================================
Received Prepare
Registering precompiled user dll's ...
Registered in 0.044368 seconds.
Begin MonoManager ReloadAssembly
Symbol file LoadedFromMemory doesn't match image D:\my game\jiggsaw-puzzle\Library\PackageCache\com.unity.visualscripting@1.7.8\Editor\VisualScripting.Core\Dependencies\YamlDotNet\Unity.VisualScripting.YamlDotNet.dll
Symbol file LoadedFromMemory doesn't match image D:\my game\jiggsaw-puzzle\Library\PackageCache\com.unity.visualscripting@1.7.8\Editor\VisualScripting.Core\Dependencies\DotNetZip\Unity.VisualScripting.IonicZip.dll
Native extension for WindowsStandalone target not found
Native extension for Android target not found
Refreshing native plugins compatible for Editor in 1.33 ms, found 5 plugins.
Preloading 0 native plugins for Editor in 0.00 ms.
Mono: successfully reloaded assembly
- Completed reload, in  7.878 seconds
Domain Reload Profiling:
	ReloadAssembly (7922ms)
		BeginReloadAssembly (443ms)
			ExecutionOrderSort (0ms)
			DisableScriptedObjects (23ms)
			BackupInstance (0ms)
			ReleaseScriptingObjects (0ms)
			CreateAndSetChildDomain (163ms)
		EndReloadAssembly (7146ms)
			LoadAssemblies (280ms)
			RebuildTransferFunctionScriptingTraits (0ms)
			SetupTypeCache (880ms)
			ReleaseScriptCaches (4ms)
			RebuildScriptCaches (127ms)
			SetupLoadedEditorAssemblies (5267ms)
				LogAssemblyErrors (0ms)
				InitializePlatformSupportModulesInManaged (63ms)
				SetLoadedEditorAssemblies (1ms)
				RefreshPlugins (1ms)
				BeforeProcessingInitializeOnLoad (187ms)
				ProcessInitializeOnLoadAttributes (4474ms)
				ProcessInitializeOnLoadMethodAttributes (504ms)
				AfterProcessingInitializeOnLoad (28ms)
				EditorAssembliesLoaded (8ms)
			ExecutionOrderSort2 (0ms)
			AwakeInstancesAfterBackupRestoration (112ms)
Platform modules already initialized, skipping
Refreshing native plugins compatible for Editor in 10.74 ms, found 5 plugins.
Preloading 0 native plugins for Editor in 0.00 ms.
Unloading 3581 Unused Serialized files (Serialized files now loaded: 0)
Unloading 39 unused Assets / (81.1 KB). Loaded Objects now: 4120.
Memory consumption went from 131.2 MB to 131.1 MB.
Total: 57.951800 ms (FindLiveObjects: 0.476300 ms CreateObjectMapping: 0.253900 ms MarkObjects: 56.977100 ms  DeleteObjects: 0.241800 ms)

AssetImportParameters requested are different than current active one (requested -> active):
  custom:video-decoder-ogg-theora: a1e56fd34408186e4bbccfd4996cb3dc -> 
  custom:container-muxer-webm: aa71ff27fc2769a1b78a27578f13a17b -> 
  custom:container-demuxer-webm: 4f35f7cbe854078d1ac9338744f61a02 -> 
  custom:video-encoder-webm-vp8: eb34c28f22e8b96e1ab97ce403110664 -> 
  custom:audio-encoder-webm-vorbis: bf7c407c2cedff20999df2af8eb42d56 -> 
  custom:framework-win-MediaFoundation: 216162199b28c13a410421893ffa2e32 -> 
  custom:container-demuxer-ogg: 62fdf1f143b41e24485cea50d1cbac27 -> 
  custom:video-decoder-webm-vp8: 9c59270c3fd7afecdb556c50c9e8de78 -> 
  custom:audio-decoder-ogg-vorbis: bf7c407c2cedff20999df2af8eb42d56 -> 
========================================================================
Received Import Request.
  Time since last request: 74.874471 seconds.
  path: Assets/Models/Puzzles/happy_kitty_5x3/0x1.asset
  artifactKey: Guid(8ba6c5625cc93c64c9715617b2e657f3) Importer(815301076,1909f56bfc062723c751e8b465ee728b)
Start importing Assets/Models/Puzzles/happy_kitty_5x3/0x1.asset using Guid(8ba6c5625cc93c64c9715617b2e657f3) Importer(815301076,1909f56bfc062723c751e8b465ee728b)  -> (artifact id: 'f6e9334ecf1ad78af12b55ecb2709202') in 0.253639 seconds 
========================================================================
Received Import Request.
  Time since last request: 0.000046 seconds.
  path: Assets/Models/Puzzles/happy_kitty_5x3/3x2.asset
  artifactKey: Guid(78873fea987bc2f4c96c9ff8dc310810) Importer(815301076,1909f56bfc062723c751e8b465ee728b)
Start importing Assets/Models/Puzzles/happy_kitty_5x3/3x2.asset using Guid(78873fea987bc2f4c96c9ff8dc310810) Importer(815301076,1909f56bfc062723c751e8b465ee728b)  -> (artifact id: '259b0f22682bd863fbe97e48508ab176') in 0.016828 seconds 
========================================================================
Received Import Request.
  Time since last request: 0.000090 seconds.
  path: Assets/Models/Puzzles/happy_kitty_5x3/1x1.asset
  artifactKey: Guid(676a0773bf8c1a649b717a58bc301e46) Importer(815301076,1909f56bfc062723c751e8b465ee728b)
Start importing Assets/Models/Puzzles/happy_kitty_5x3/1x1.asset using Guid(676a0773bf8c1a649b717a58bc301e46) Importer(815301076,1909f56bfc062723c751e8b465ee728b)  -> (artifact id: '7b9e056ea3e8f635c7e23364f6ae0489') in 0.022974 seconds 
========================================================================
Received Import Request.
  Time since last request: 0.000034 seconds.
  path: Assets/Models/Puzzles/happy_kitty_5x3/3x1.asset
  artifactKey: Guid(80acc95583e117c41accf4c11a8a9556) Importer(815301076,1909f56bfc062723c751e8b465ee728b)
Start importing Assets/Models/Puzzles/happy_kitty_5x3/3x1.asset using Guid(80acc95583e117c41accf4c11a8a9556) Importer(815301076,1909f56bfc062723c751e8b465ee728b)  -> (artifact id: 'eca4c49f2fc9c6948b9a1ebd17a80e3b') in 0.049062 seconds 
========================================================================
Received Import Request.
  Time since last request: 0.000036 seconds.
  path: Assets/Models/Puzzles/happy_kitty_5x3/4x2.asset
  artifactKey: Guid(58da4ccd48487cf4da8fc8682e957a96) Importer(815301076,1909f56bfc062723c751e8b465ee728b)
Start importing Assets/Models/Puzzles/happy_kitty_5x3/4x2.asset using Guid(58da4ccd48487cf4da8fc8682e957a96) Importer(815301076,1909f56bfc062723c751e8b465ee728b)  -> (artifact id: '141754195fb060fb751e997b11b0c53e') in 0.032673 seconds 
========================================================================
Received Import Request.
  Time since last request: 0.000046 seconds.
  path: Assets/Models/Puzzles/happy_kitty_5x3/2x0.asset
  artifactKey: Guid(cff29c008f3ab82428f69ff1af520be7) Importer(815301076,1909f56bfc062723c751e8b465ee728b)
Start importing Assets/Models/Puzzles/happy_kitty_5x3/2x0.asset using Guid(cff29c008f3ab82428f69ff1af520be7) Importer(815301076,1909f56bfc062723c751e8b465ee728b)  -> (artifact id: '0ad54f4061e08bfa403689521c56ec7d') in 0.017388 seconds 
========================================================================
Received Import Request.
  Time since last request: 0.000043 seconds.
  path: Assets/Models/Puzzles/happy_kitty_5x3/1x0.asset
  artifactKey: Guid(e1149366c930c3141a89e532df323393) Importer(815301076,1909f56bfc062723c751e8b465ee728b)
Start importing Assets/Models/Puzzles/happy_kitty_5x3/1x0.asset using Guid(e1149366c930c3141a89e532df323393) Importer(815301076,1909f56bfc062723c751e8b465ee728b)  -> (artifact id: '423fe62b2d9ecf403cb3931fbec3331c') in 0.016091 seconds 
========================================================================
Received Prepare
Registering precompiled user dll's ...
Registered in 0.020130 seconds.
Begin MonoManager ReloadAssembly
Symbol file LoadedFromMemory doesn't match image D:\my game\jiggsaw-puzzle\Library\PackageCache\com.unity.visualscripting@1.7.8\Editor\VisualScripting.Core\Dependencies\YamlDotNet\Unity.VisualScripting.YamlDotNet.dll
Symbol file LoadedFromMemory doesn't match image D:\my game\jiggsaw-puzzle\Library\PackageCache\com.unity.visualscripting@1.7.8\Editor\VisualScripting.Core\Dependencies\DotNetZip\Unity.VisualScripting.IonicZip.dll
Native extension for WindowsStandalone target not found
Native extension for Android target not found
Refreshing native plugins compatible for Editor in 3.09 ms, found 5 plugins.
Preloading 0 native plugins for Editor in 0.00 ms.
Mono: successfully reloaded assembly
- Completed reload, in  9.844 seconds
Domain Reload Profiling:
	ReloadAssembly (9847ms)
		BeginReloadAssembly (529ms)
			ExecutionOrderSort (0ms)
			DisableScriptedObjects (22ms)
			BackupInstance (0ms)
			ReleaseScriptingObjects (0ms)
			CreateAndSetChildDomain (168ms)
		EndReloadAssembly (8965ms)
			LoadAssemblies (336ms)
			RebuildTransferFunctionScriptingTraits (0ms)
			SetupTypeCache (1113ms)
			ReleaseScriptCaches (4ms)
			RebuildScriptCaches (187ms)
			SetupLoadedEditorAssemblies (6893ms)
				LogAssemblyErrors (0ms)
				InitializePlatformSupportModulesInManaged (86ms)
				SetLoadedEditorAssemblies (4ms)
				RefreshPlugins (3ms)
				BeforeProcessingInitializeOnLoad (261ms)
				ProcessInitializeOnLoadAttributes (5475ms)
				ProcessInitializeOnLoadMethodAttributes (1025ms)
				AfterProcessingInitializeOnLoad (18ms)
				EditorAssembliesLoaded (21ms)
			ExecutionOrderSort2 (0ms)
			AwakeInstancesAfterBackupRestoration (119ms)
Platform modules already initialized, skipping
Refreshing native plugins compatible for Editor in 8.69 ms, found 5 plugins.
Preloading 0 native plugins for Editor in 0.00 ms.
Unloading 3581 Unused Serialized files (Serialized files now loaded: 0)
Unloading 39 unused Assets / (81.1 KB). Loaded Objects now: 4123.
Memory consumption went from 131.3 MB to 131.3 MB.
Total: 54.613400 ms (FindLiveObjects: 0.366400 ms CreateObjectMapping: 0.258000 ms MarkObjects: 53.632500 ms  DeleteObjects: 0.354000 ms)

AssetImportParameters requested are different than current active one (requested -> active):
  custom:video-decoder-ogg-theora: a1e56fd34408186e4bbccfd4996cb3dc -> 
  custom:container-muxer-webm: aa71ff27fc2769a1b78a27578f13a17b -> 
  custom:container-demuxer-webm: 4f35f7cbe854078d1ac9338744f61a02 -> 
  custom:video-encoder-webm-vp8: eb34c28f22e8b96e1ab97ce403110664 -> 
  custom:audio-encoder-webm-vorbis: bf7c407c2cedff20999df2af8eb42d56 -> 
  custom:framework-win-MediaFoundation: 216162199b28c13a410421893ffa2e32 -> 
  custom:container-demuxer-ogg: 62fdf1f143b41e24485cea50d1cbac27 -> 
  custom:video-decoder-webm-vp8: 9c59270c3fd7afecdb556c50c9e8de78 -> 
  custom:audio-decoder-ogg-vorbis: bf7c407c2cedff20999df2af8eb42d56 -> 
========================================================================
Received Prepare
Registering precompiled user dll's ...
Registered in 0.019511 seconds.
Begin MonoManager ReloadAssembly
Symbol file LoadedFromMemory doesn't match image D:\my game\jiggsaw-puzzle\Library\PackageCache\com.unity.visualscripting@1.7.8\Editor\VisualScripting.Core\Dependencies\YamlDotNet\Unity.VisualScripting.YamlDotNet.dll
Symbol file LoadedFromMemory doesn't match image D:\my game\jiggsaw-puzzle\Library\PackageCache\com.unity.visualscripting@1.7.8\Editor\VisualScripting.Core\Dependencies\DotNetZip\Unity.VisualScripting.IonicZip.dll
Native extension for WindowsStandalone target not found
Native extension for Android target not found
Refreshing native plugins compatible for Editor in 1.77 ms, found 5 plugins.
Preloading 0 native plugins for Editor in 0.00 ms.
Mono: successfully reloaded assembly
- Completed reload, in  8.100 seconds
Domain Reload Profiling:
	ReloadAssembly (8102ms)
		BeginReloadAssembly (405ms)
			ExecutionOrderSort (0ms)
			DisableScriptedObjects (21ms)
			BackupInstance (0ms)
			ReleaseScriptingObjects (0ms)
			CreateAndSetChildDomain (128ms)
		EndReloadAssembly (7388ms)
			LoadAssemblies (274ms)
			RebuildTransferFunctionScriptingTraits (0ms)
			SetupTypeCache (928ms)
			ReleaseScriptCaches (3ms)
			RebuildScriptCaches (135ms)
			SetupLoadedEditorAssemblies (5601ms)
				LogAssemblyErrors (0ms)
				InitializePlatformSupportModulesInManaged (74ms)
				SetLoadedEditorAssemblies (2ms)
				RefreshPlugins (2ms)
				BeforeProcessingInitializeOnLoad (216ms)
				ProcessInitializeOnLoadAttributes (4315ms)
				ProcessInitializeOnLoadMethodAttributes (951ms)
				AfterProcessingInitializeOnLoad (37ms)
				EditorAssembliesLoaded (4ms)
			ExecutionOrderSort2 (0ms)
			AwakeInstancesAfterBackupRestoration (52ms)
Platform modules already initialized, skipping
Refreshing native plugins compatible for Editor in 9.00 ms, found 5 plugins.
Preloading 0 native plugins for Editor in 0.00 ms.
Unloading 3581 Unused Serialized files (Serialized files now loaded: 0)
Unloading 39 unused Assets / (81.0 KB). Loaded Objects now: 4126.
Memory consumption went from 131.3 MB to 131.3 MB.
Total: 53.250100 ms (FindLiveObjects: 0.549000 ms CreateObjectMapping: 0.387600 ms MarkObjects: 52.148300 ms  DeleteObjects: 0.163200 ms)

AssetImportParameters requested are different than current active one (requested -> active):
  custom:video-decoder-ogg-theora: a1e56fd34408186e4bbccfd4996cb3dc -> 
  custom:container-muxer-webm: aa71ff27fc2769a1b78a27578f13a17b -> 
  custom:container-demuxer-webm: 4f35f7cbe854078d1ac9338744f61a02 -> 
  custom:video-encoder-webm-vp8: eb34c28f22e8b96e1ab97ce403110664 -> 
  custom:audio-encoder-webm-vorbis: bf7c407c2cedff20999df2af8eb42d56 -> 
  custom:framework-win-MediaFoundation: 216162199b28c13a410421893ffa2e32 -> 
  custom:container-demuxer-ogg: 62fdf1f143b41e24485cea50d1cbac27 -> 
  custom:video-decoder-webm-vp8: 9c59270c3fd7afecdb556c50c9e8de78 -> 
  custom:audio-decoder-ogg-vorbis: bf7c407c2cedff20999df2af8eb42d56 -> 
========================================================================
Received Prepare
Registering precompiled user dll's ...
Registered in 0.026926 seconds.
Begin MonoManager ReloadAssembly
Symbol file LoadedFromMemory doesn't match image D:\my game\jiggsaw-puzzle\Library\PackageCache\com.unity.visualscripting@1.7.8\Editor\VisualScripting.Core\Dependencies\YamlDotNet\Unity.VisualScripting.YamlDotNet.dll
Symbol file LoadedFromMemory doesn't match image D:\my game\jiggsaw-puzzle\Library\PackageCache\com.unity.visualscripting@1.7.8\Editor\VisualScripting.Core\Dependencies\DotNetZip\Unity.VisualScripting.IonicZip.dll
Native extension for WindowsStandalone target not found
Native extension for Android target not found
Refreshing native plugins compatible for Editor in 1.89 ms, found 5 plugins.
Preloading 0 native plugins for Editor in 0.00 ms.
Mono: successfully reloaded assembly
- Completed reload, in  8.359 seconds
Domain Reload Profiling:
	ReloadAssembly (8361ms)
		BeginReloadAssembly (427ms)
			ExecutionOrderSort (0ms)
			DisableScriptedObjects (19ms)
			BackupInstance (0ms)
			ReleaseScriptingObjects (0ms)
			CreateAndSetChildDomain (135ms)
		EndReloadAssembly (7638ms)
			LoadAssemblies (289ms)
			RebuildTransferFunctionScriptingTraits (0ms)
			SetupTypeCache (837ms)
			ReleaseScriptCaches (2ms)
			RebuildScriptCaches (152ms)
			SetupLoadedEditorAssemblies (6020ms)
				LogAssemblyErrors (0ms)
				InitializePlatformSupportModulesInManaged (73ms)
				SetLoadedEditorAssemblies (2ms)
				RefreshPlugins (2ms)
				BeforeProcessingInitializeOnLoad (248ms)
				ProcessInitializeOnLoadAttributes (4706ms)
				ProcessInitializeOnLoadMethodAttributes (954ms)
				AfterProcessingInitializeOnLoad (21ms)
				EditorAssembliesLoaded (14ms)
			ExecutionOrderSort2 (0ms)
			AwakeInstancesAfterBackupRestoration (201ms)
Platform modules already initialized, skipping
Refreshing native plugins compatible for Editor in 33.72 ms, found 5 plugins.
Preloading 0 native plugins for Editor in 0.00 ms.
Unloading 3581 Unused Serialized files (Serialized files now loaded: 0)
Unloading 39 unused Assets / (81.1 KB). Loaded Objects now: 4129.
Memory consumption went from 131.4 MB to 131.3 MB.
Total: 81.738800 ms (FindLiveObjects: 0.489100 ms CreateObjectMapping: 0.381200 ms MarkObjects: 79.746300 ms  DeleteObjects: 1.120100 ms)

AssetImportParameters requested are different than current active one (requested -> active):
  custom:video-decoder-ogg-theora: a1e56fd34408186e4bbccfd4996cb3dc -> 
  custom:container-muxer-webm: aa71ff27fc2769a1b78a27578f13a17b -> 
  custom:container-demuxer-webm: 4f35f7cbe854078d1ac9338744f61a02 -> 
  custom:video-encoder-webm-vp8: eb34c28f22e8b96e1ab97ce403110664 -> 
  custom:audio-encoder-webm-vorbis: bf7c407c2cedff20999df2af8eb42d56 -> 
  custom:framework-win-MediaFoundation: 216162199b28c13a410421893ffa2e32 -> 
  custom:container-demuxer-ogg: 62fdf1f143b41e24485cea50d1cbac27 -> 
  custom:video-decoder-webm-vp8: 9c59270c3fd7afecdb556c50c9e8de78 -> 
  custom:audio-decoder-ogg-vorbis: bf7c407c2cedff20999df2af8eb42d56 -> 
