Using pre-set license
Built from '2021.3/staging' branch; Version is '2021.3.9f1 (ad3870b89536) revision 11352176'; Using compiler version '192829333'; Build Type 'Release'
OS: 'Windows 10  (10.0.19044) 64bit Core' Language: 'ru' Physical Memory: 16174 MB
BatchMode: 1, IsHumanControllingUs: 0, StartBugReporterOnCrash: 0, Is64bit: 1, IsPro: 1

COMMAND LINE ARGUMENTS:
C:\Program Files\Unity\Hub\Editor\2021.3.9f1\Editor\Unity.exe
-adb2
-batchMode
-noUpm
-name
AssetImportWorker0
-projectPath
D:/my game/jiggsaw-puzzle
-logFile
Logs/AssetImportWorker0.log
-srvPort
64691
Successfully changed project path to: D:/my game/jiggsaw-puzzle
D:/my game/jiggsaw-puzzle
[UnityMemory] Configuration Parameters - Can be set up in boot.config
    "memorysetup-bucket-allocator-granularity=16"
    "memorysetup-bucket-allocator-bucket-count=8"
    "memorysetup-bucket-allocator-block-size=33554432"
    "memorysetup-bucket-allocator-block-count=8"
    "memorysetup-main-allocator-block-size=16777216"
    "memorysetup-thread-allocator-block-size=16777216"
    "memorysetup-gfx-main-allocator-block-size=16777216"
    "memorysetup-gfx-thread-allocator-block-size=16777216"
    "memorysetup-cache-allocator-block-size=4194304"
    "memorysetup-typetree-allocator-block-size=2097152"
    "memorysetup-profiler-bucket-allocator-granularity=16"
    "memorysetup-profiler-bucket-allocator-bucket-count=8"
    "memorysetup-profiler-bucket-allocator-block-size=33554432"
    "memorysetup-profiler-bucket-allocator-block-count=8"
    "memorysetup-profiler-allocator-block-size=16777216"
    "memorysetup-profiler-editor-allocator-block-size=1048576"
    "memorysetup-temp-allocator-size-main=16777216"
    "memorysetup-job-temp-allocator-block-size=2097152"
    "memorysetup-job-temp-allocator-block-size-background=1048576"
    "memorysetup-job-temp-allocator-reduction-small-platforms=262144"
    "memorysetup-temp-allocator-size-background-worker=32768"
    "memorysetup-temp-allocator-size-job-worker=262144"
    "memorysetup-temp-allocator-size-preload-manager=33554432"
    "memorysetup-temp-allocator-size-nav-mesh-worker=65536"
    "memorysetup-temp-allocator-size-audio-worker=65536"
    "memorysetup-temp-allocator-size-cloud-worker=32768"
    "memorysetup-temp-allocator-size-gi-baking-worker=262144"
    "memorysetup-temp-allocator-size-gfx=262144"
Refreshing native plugins compatible for Editor in 328.85 ms, found 5 plugins.
Preloading 0 native plugins for Editor in 0.00 ms.
Initialize engine version: 2021.3.9f1 (ad3870b89536)
[Subsystems] Discovering subsystems at path C:/Program Files/Unity/Hub/Editor/2021.3.9f1/Editor/Data/Resources/UnitySubsystems
[Subsystems] Discovering subsystems at path D:/my game/jiggsaw-puzzle/Assets
GfxDevice: creating device client; threaded=0; jobified=0
Direct3D:
    Version:  Direct3D 11.0 [level 11.1]
    Renderer: NVIDIA GeForce MX350 (ID=0x1c94)
    Vendor:   NVIDIA
    VRAM:     1979 MB
    Driver:   31.0.15.2225
Initialize mono
Mono path[0] = 'C:/Program Files/Unity/Hub/Editor/2021.3.9f1/Editor/Data/Managed'
Mono path[1] = 'C:/Program Files/Unity/Hub/Editor/2021.3.9f1/Editor/Data/MonoBleedingEdge/lib/mono/unityjit-win32'
Mono config path = 'C:/Program Files/Unity/Hub/Editor/2021.3.9f1/Editor/Data/MonoBleedingEdge/etc'
Using monoOptions --debugger-agent=transport=dt_socket,embedding=1,server=y,suspend=n,address=127.0.0.1:56456
Begin MonoManager ReloadAssembly
Registering precompiled unity dll's ...
Register platform support module: C:/Program Files/Unity/Hub/Editor/2021.3.9f1/Editor/Data/PlaybackEngines/AndroidPlayer/UnityEditor.Android.Extensions.dll
Register platform support module: C:/Program Files/Unity/Hub/Editor/2021.3.9f1/Editor/Data/PlaybackEngines/WindowsStandaloneSupport/UnityEditor.WindowsStandalone.Extensions.dll
Registered in 0.017498 seconds.
Native extension for WindowsStandalone target not found
Native extension for Android target not found
Refreshing native plugins compatible for Editor in 254.58 ms, found 5 plugins.
Preloading 0 native plugins for Editor in 0.00 ms.
Mono: successfully reloaded assembly
- Completed reload, in  2.065 seconds
Domain Reload Profiling:
	ReloadAssembly (2066ms)
		BeginReloadAssembly (264ms)
			ExecutionOrderSort (0ms)
			DisableScriptedObjects (0ms)
			BackupInstance (0ms)
			ReleaseScriptingObjects (0ms)
			CreateAndSetChildDomain (3ms)
		EndReloadAssembly (1468ms)
			LoadAssemblies (259ms)
			RebuildTransferFunctionScriptingTraits (0ms)
			SetupTypeCache (389ms)
			ReleaseScriptCaches (0ms)
			RebuildScriptCaches (93ms)
			SetupLoadedEditorAssemblies (825ms)
				LogAssemblyErrors (0ms)
				InitializePlatformSupportModulesInManaged (170ms)
				SetLoadedEditorAssemblies (1ms)
				RefreshPlugins (255ms)
				BeforeProcessingInitializeOnLoad (4ms)
				ProcessInitializeOnLoadAttributes (291ms)
				ProcessInitializeOnLoadMethodAttributes (103ms)
				AfterProcessingInitializeOnLoad (0ms)
				EditorAssembliesLoaded (0ms)
			ExecutionOrderSort2 (0ms)
			AwakeInstancesAfterBackupRestoration (0ms)
Platform modules already initialized, skipping
Registering precompiled user dll's ...
Registered in 0.025707 seconds.
Begin MonoManager ReloadAssembly
Symbol file LoadedFromMemory doesn't match image D:\my game\jiggsaw-puzzle\Library\PackageCache\com.unity.visualscripting@1.7.8\Editor\VisualScripting.Core\Dependencies\YamlDotNet\Unity.VisualScripting.YamlDotNet.dll
Symbol file LoadedFromMemory doesn't match image D:\my game\jiggsaw-puzzle\Library\PackageCache\com.unity.visualscripting@1.7.8\Editor\VisualScripting.Core\Dependencies\DotNetZip\Unity.VisualScripting.IonicZip.dll
Native extension for WindowsStandalone target not found
Native extension for Android target not found
Refreshing native plugins compatible for Editor in 1.73 ms, found 5 plugins.
Preloading 0 native plugins for Editor in 0.00 ms.
Mono: successfully reloaded assembly
- Completed reload, in  9.372 seconds
Domain Reload Profiling:
	ReloadAssembly (9374ms)
		BeginReloadAssembly (350ms)
			ExecutionOrderSort (0ms)
			DisableScriptedObjects (19ms)
			BackupInstance (0ms)
			ReleaseScriptingObjects (0ms)
			CreateAndSetChildDomain (47ms)
		EndReloadAssembly (8601ms)
			LoadAssemblies (307ms)
			RebuildTransferFunctionScriptingTraits (0ms)
			SetupTypeCache (969ms)
			ReleaseScriptCaches (2ms)
			RebuildScriptCaches (200ms)
			SetupLoadedEditorAssemblies (6969ms)
				LogAssemblyErrors (0ms)
				InitializePlatformSupportModulesInManaged (58ms)
				SetLoadedEditorAssemblies (2ms)
				RefreshPlugins (2ms)
				BeforeProcessingInitializeOnLoad (325ms)
				ProcessInitializeOnLoadAttributes (5252ms)
				ProcessInitializeOnLoadMethodAttributes (1308ms)
				AfterProcessingInitializeOnLoad (20ms)
				EditorAssembliesLoaded (1ms)
			ExecutionOrderSort2 (0ms)
			AwakeInstancesAfterBackupRestoration (15ms)
Platform modules already initialized, skipping
========================================================================
Worker process is ready to serve import requests
Launched and connected shader compiler UnityShaderCompiler.exe after 0.13 seconds
Refreshing native plugins compatible for Editor in 1.83 ms, found 5 plugins.
Preloading 0 native plugins for Editor in 0.00 ms.
Unloading 3593 Unused Serialized files (Serialized files now loaded: 0)
Unloading 46 unused Assets / (113.8 KB). Loaded Objects now: 4104.
Memory consumption went from 126.6 MB to 126.5 MB.
Total: 55.667000 ms (FindLiveObjects: 0.488800 ms CreateObjectMapping: 0.248400 ms MarkObjects: 54.682300 ms  DeleteObjects: 0.245100 ms)

AssetImportParameters requested are different than current active one (requested -> active):
  custom:video-decoder-ogg-theora: a1e56fd34408186e4bbccfd4996cb3dc -> 
  custom:container-muxer-webm: aa71ff27fc2769a1b78a27578f13a17b -> 
  custom:container-demuxer-webm: 4f35f7cbe854078d1ac9338744f61a02 -> 
  custom:video-encoder-webm-vp8: eb34c28f22e8b96e1ab97ce403110664 -> 
  custom:audio-encoder-webm-vorbis: bf7c407c2cedff20999df2af8eb42d56 -> 
  custom:framework-win-MediaFoundation: 216162199b28c13a410421893ffa2e32 -> 
  custom:container-demuxer-ogg: 62fdf1f143b41e24485cea50d1cbac27 -> 
  custom:video-decoder-webm-vp8: 9c59270c3fd7afecdb556c50c9e8de78 -> 
  custom:audio-decoder-ogg-vorbis: bf7c407c2cedff20999df2af8eb42d56 -> 
========================================================================
Received Import Request.
  Time since last request: 1026.507431 seconds.
  path: Assets/Models/Puzzles/happy_kitty_5x3/3x2.asset
  artifactKey: Guid(78873fea987bc2f4c96c9ff8dc310810) Importer(815301076,1909f56bfc062723c751e8b465ee728b)
Start importing Assets/Models/Puzzles/happy_kitty_5x3/3x2.asset using Guid(78873fea987bc2f4c96c9ff8dc310810) Importer(815301076,1909f56bfc062723c751e8b465ee728b)  -> (artifact id: 'b9cc7eb653bd3beaa646e68850dd949d') in 0.306800 seconds 
========================================================================
Received Import Request.
  Time since last request: 0.000098 seconds.
  path: Assets/Models/Puzzles/happy_kitty_5x3/1x1.asset
  artifactKey: Guid(676a0773bf8c1a649b717a58bc301e46) Importer(815301076,1909f56bfc062723c751e8b465ee728b)
Start importing Assets/Models/Puzzles/happy_kitty_5x3/1x1.asset using Guid(676a0773bf8c1a649b717a58bc301e46) Importer(815301076,1909f56bfc062723c751e8b465ee728b)  -> (artifact id: '049418027afdf8dd7ae2879f3cd976fc') in 0.045860 seconds 
========================================================================
Received Import Request.
  Time since last request: 0.000037 seconds.
  path: Assets/Models/Puzzles/happy_kitty_5x3/2x1.asset
  artifactKey: Guid(37a2795b2fe533043abeaac3d3b030cf) Importer(815301076,1909f56bfc062723c751e8b465ee728b)
Start importing Assets/Models/Puzzles/happy_kitty_5x3/2x1.asset using Guid(37a2795b2fe533043abeaac3d3b030cf) Importer(815301076,1909f56bfc062723c751e8b465ee728b)  -> (artifact id: '2e62054a3726549713f8a26f4cbb67af') in 0.025960 seconds 
========================================================================
Received Import Request.
  Time since last request: 0.000042 seconds.
  path: Assets/Models/Puzzles/happy_kitty_5x3/4x2.asset
  artifactKey: Guid(58da4ccd48487cf4da8fc8682e957a96) Importer(815301076,1909f56bfc062723c751e8b465ee728b)
Start importing Assets/Models/Puzzles/happy_kitty_5x3/4x2.asset using Guid(58da4ccd48487cf4da8fc8682e957a96) Importer(815301076,1909f56bfc062723c751e8b465ee728b)  -> (artifact id: '7a1883fd95de789d6bcb3f717834ba7e') in 0.021557 seconds 
========================================================================
Received Import Request.
  Time since last request: 0.000035 seconds.
  path: Assets/Models/Puzzles/happy_kitty_5x3/2x0.asset
  artifactKey: Guid(cff29c008f3ab82428f69ff1af520be7) Importer(815301076,1909f56bfc062723c751e8b465ee728b)
Start importing Assets/Models/Puzzles/happy_kitty_5x3/2x0.asset using Guid(cff29c008f3ab82428f69ff1af520be7) Importer(815301076,1909f56bfc062723c751e8b465ee728b)  -> (artifact id: 'f2ce0e31463c8267fffa5792b911cab6') in 0.029363 seconds 
========================================================================
Received Import Request.
  Time since last request: 0.000055 seconds.
  path: Assets/Models/Puzzles/happy_kitty_5x3/1x0.asset
  artifactKey: Guid(e1149366c930c3141a89e532df323393) Importer(815301076,1909f56bfc062723c751e8b465ee728b)
Start importing Assets/Models/Puzzles/happy_kitty_5x3/1x0.asset using Guid(e1149366c930c3141a89e532df323393) Importer(815301076,1909f56bfc062723c751e8b465ee728b)  -> (artifact id: 'b55d0765a303100820597d4b8aaa579d') in 0.026215 seconds 
========================================================================
Received Import Request.
  Time since last request: 0.000185 seconds.
  path: Assets/Models/Puzzles/happy_kitty_5x3/2x2.asset
  artifactKey: Guid(801977fe3b47a744d8749a4fbe792c1b) Importer(815301076,1909f56bfc062723c751e8b465ee728b)
Start importing Assets/Models/Puzzles/happy_kitty_5x3/2x2.asset using Guid(801977fe3b47a744d8749a4fbe792c1b) Importer(815301076,1909f56bfc062723c751e8b465ee728b)  -> (artifact id: '5eeb57f719373e837e6b1574ae15939f') in 0.048043 seconds 
========================================================================
Received Prepare
Registering precompiled user dll's ...
Registered in 0.024182 seconds.
Begin MonoManager ReloadAssembly
Symbol file LoadedFromMemory doesn't match image D:\my game\jiggsaw-puzzle\Library\PackageCache\com.unity.visualscripting@1.7.8\Editor\VisualScripting.Core\Dependencies\YamlDotNet\Unity.VisualScripting.YamlDotNet.dll
Symbol file LoadedFromMemory doesn't match image D:\my game\jiggsaw-puzzle\Library\PackageCache\com.unity.visualscripting@1.7.8\Editor\VisualScripting.Core\Dependencies\DotNetZip\Unity.VisualScripting.IonicZip.dll
Native extension for WindowsStandalone target not found
Native extension for Android target not found
Refreshing native plugins compatible for Editor in 2.33 ms, found 5 plugins.
Preloading 0 native plugins for Editor in 0.00 ms.
Mono: successfully reloaded assembly
- Completed reload, in  8.218 seconds
Domain Reload Profiling:
	ReloadAssembly (8220ms)
		BeginReloadAssembly (439ms)
			ExecutionOrderSort (0ms)
			DisableScriptedObjects (15ms)
			BackupInstance (0ms)
			ReleaseScriptingObjects (0ms)
			CreateAndSetChildDomain (154ms)
		EndReloadAssembly (7505ms)
			LoadAssemblies (288ms)
			RebuildTransferFunctionScriptingTraits (0ms)
			SetupTypeCache (929ms)
			ReleaseScriptCaches (4ms)
			RebuildScriptCaches (169ms)
			SetupLoadedEditorAssemblies (5869ms)
				LogAssemblyErrors (0ms)
				InitializePlatformSupportModulesInManaged (77ms)
				SetLoadedEditorAssemblies (2ms)
				RefreshPlugins (3ms)
				BeforeProcessingInitializeOnLoad (207ms)
				ProcessInitializeOnLoadAttributes (4563ms)
				ProcessInitializeOnLoadMethodAttributes (961ms)
				AfterProcessingInitializeOnLoad (35ms)
				EditorAssembliesLoaded (22ms)
			ExecutionOrderSort2 (0ms)
			AwakeInstancesAfterBackupRestoration (109ms)
Platform modules already initialized, skipping
Refreshing native plugins compatible for Editor in 10.78 ms, found 5 plugins.
Preloading 0 native plugins for Editor in 0.00 ms.
Unloading 3581 Unused Serialized files (Serialized files now loaded: 0)
Unloading 39 unused Assets / (80.9 KB). Loaded Objects now: 4117.
Memory consumption went from 131.2 MB to 131.1 MB.
Total: 64.519100 ms (FindLiveObjects: 0.476100 ms CreateObjectMapping: 0.353800 ms MarkObjects: 63.249900 ms  DeleteObjects: 0.434900 ms)

AssetImportParameters requested are different than current active one (requested -> active):
  custom:video-decoder-ogg-theora: a1e56fd34408186e4bbccfd4996cb3dc -> 
  custom:container-muxer-webm: aa71ff27fc2769a1b78a27578f13a17b -> 
  custom:container-demuxer-webm: 4f35f7cbe854078d1ac9338744f61a02 -> 
  custom:video-encoder-webm-vp8: eb34c28f22e8b96e1ab97ce403110664 -> 
  custom:audio-encoder-webm-vorbis: bf7c407c2cedff20999df2af8eb42d56 -> 
  custom:framework-win-MediaFoundation: 216162199b28c13a410421893ffa2e32 -> 
  custom:container-demuxer-ogg: 62fdf1f143b41e24485cea50d1cbac27 -> 
  custom:video-decoder-webm-vp8: 9c59270c3fd7afecdb556c50c9e8de78 -> 
  custom:audio-decoder-ogg-vorbis: bf7c407c2cedff20999df2af8eb42d56 -> 
========================================================================
Received Import Request.
  Time since last request: 30.558332 seconds.
  path: Assets/Models/Puzzles/happy_kitty_5x3/0x0.asset
  artifactKey: Guid(063cbae2178f4914ab04bd07416c2fd4) Importer(815301076,1909f56bfc062723c751e8b465ee728b)
Start importing Assets/Models/Puzzles/happy_kitty_5x3/0x0.asset using Guid(063cbae2178f4914ab04bd07416c2fd4) Importer(815301076,1909f56bfc062723c751e8b465ee728b)  -> (artifact id: '27b6e30af86d92d13557caab2c694ee3') in 0.221913 seconds 
========================================================================
Received Import Request.
  Time since last request: 0.000057 seconds.
  path: Assets/Models/Puzzles/happy_kitty_5x3/3x2.asset
  artifactKey: Guid(78873fea987bc2f4c96c9ff8dc310810) Importer(815301076,1909f56bfc062723c751e8b465ee728b)
Start importing Assets/Models/Puzzles/happy_kitty_5x3/3x2.asset using Guid(78873fea987bc2f4c96c9ff8dc310810) Importer(815301076,1909f56bfc062723c751e8b465ee728b)  -> (artifact id: 'f85887205aeae00c553ce1432370ea57') in 0.022886 seconds 
========================================================================
Received Import Request.
  Time since last request: 0.000068 seconds.
  path: Assets/Models/Puzzles/happy_kitty_5x3/1x1.asset
  artifactKey: Guid(676a0773bf8c1a649b717a58bc301e46) Importer(815301076,1909f56bfc062723c751e8b465ee728b)
Start importing Assets/Models/Puzzles/happy_kitty_5x3/1x1.asset using Guid(676a0773bf8c1a649b717a58bc301e46) Importer(815301076,1909f56bfc062723c751e8b465ee728b)  -> (artifact id: '01133203143036e3de632b11943d8bac') in 0.025342 seconds 
========================================================================
Received Import Request.
  Time since last request: 0.000066 seconds.
  path: Assets/Models/Puzzles/happy_kitty_5x3/3x1.asset
  artifactKey: Guid(80acc95583e117c41accf4c11a8a9556) Importer(815301076,1909f56bfc062723c751e8b465ee728b)
Start importing Assets/Models/Puzzles/happy_kitty_5x3/3x1.asset using Guid(80acc95583e117c41accf4c11a8a9556) Importer(815301076,1909f56bfc062723c751e8b465ee728b)  -> (artifact id: 'bf6dd2e0c38b1fe622a887160d04ade8') in 0.021153 seconds 
========================================================================
Received Import Request.
  Time since last request: 0.000104 seconds.
  path: Assets/Models/Puzzles/happy_kitty_5x3/4x2.asset
  artifactKey: Guid(58da4ccd48487cf4da8fc8682e957a96) Importer(815301076,1909f56bfc062723c751e8b465ee728b)
Start importing Assets/Models/Puzzles/happy_kitty_5x3/4x2.asset using Guid(58da4ccd48487cf4da8fc8682e957a96) Importer(815301076,1909f56bfc062723c751e8b465ee728b)  -> (artifact id: '0c510acd886d314c9716feedecd24508') in 0.017977 seconds 
========================================================================
Received Import Request.
  Time since last request: 0.000054 seconds.
  path: Assets/Models/Puzzles/happy_kitty_5x3/3x0.asset
  artifactKey: Guid(461868365e0b73d4db7023c9513a033f) Importer(815301076,1909f56bfc062723c751e8b465ee728b)
Start importing Assets/Models/Puzzles/happy_kitty_5x3/3x0.asset using Guid(461868365e0b73d4db7023c9513a033f) Importer(815301076,1909f56bfc062723c751e8b465ee728b)  -> (artifact id: '17522d71f7d0dce7acee8ab43dd0be6b') in 0.020531 seconds 
========================================================================
Received Import Request.
  Time since last request: 0.000061 seconds.
  path: Assets/Models/Puzzles/happy_kitty_5x3/4x0.asset
  artifactKey: Guid(ab02a01324106254fa3f11f4e16ba1dc) Importer(815301076,1909f56bfc062723c751e8b465ee728b)
Start importing Assets/Models/Puzzles/happy_kitty_5x3/4x0.asset using Guid(ab02a01324106254fa3f11f4e16ba1dc) Importer(815301076,1909f56bfc062723c751e8b465ee728b)  -> (artifact id: '1cb3f2dd20c8384acff0a50ba1134441') in 0.017930 seconds 
========================================================================
Received Import Request.
  Time since last request: 0.000043 seconds.
  path: Assets/Models/Puzzles/happy_kitty_5x3/2x2.asset
  artifactKey: Guid(801977fe3b47a744d8749a4fbe792c1b) Importer(815301076,1909f56bfc062723c751e8b465ee728b)
Start importing Assets/Models/Puzzles/happy_kitty_5x3/2x2.asset using Guid(801977fe3b47a744d8749a4fbe792c1b) Importer(815301076,1909f56bfc062723c751e8b465ee728b)  -> (artifact id: 'b24f1fba2a15aae2556d8b5b38396e3e') in 0.014978 seconds 
========================================================================
Received Prepare
Registering precompiled user dll's ...
Registered in 0.037266 seconds.
Begin MonoManager ReloadAssembly
Symbol file LoadedFromMemory doesn't match image D:\my game\jiggsaw-puzzle\Library\PackageCache\com.unity.visualscripting@1.7.8\Editor\VisualScripting.Core\Dependencies\YamlDotNet\Unity.VisualScripting.YamlDotNet.dll
Symbol file LoadedFromMemory doesn't match image D:\my game\jiggsaw-puzzle\Library\PackageCache\com.unity.visualscripting@1.7.8\Editor\VisualScripting.Core\Dependencies\DotNetZip\Unity.VisualScripting.IonicZip.dll
Native extension for WindowsStandalone target not found
Native extension for Android target not found
Refreshing native plugins compatible for Editor in 1.29 ms, found 5 plugins.
Preloading 0 native plugins for Editor in 0.00 ms.
Mono: successfully reloaded assembly
- Completed reload, in  7.753 seconds
Domain Reload Profiling:
	ReloadAssembly (7774ms)
		BeginReloadAssembly (452ms)
			ExecutionOrderSort (0ms)
			DisableScriptedObjects (21ms)
			BackupInstance (0ms)
			ReleaseScriptingObjects (0ms)
			CreateAndSetChildDomain (160ms)
		EndReloadAssembly (6987ms)
			LoadAssemblies (291ms)
			RebuildTransferFunctionScriptingTraits (0ms)
			SetupTypeCache (934ms)
			ReleaseScriptCaches (3ms)
			RebuildScriptCaches (105ms)
			SetupLoadedEditorAssemblies (5162ms)
				LogAssemblyErrors (0ms)
				InitializePlatformSupportModulesInManaged (67ms)
				SetLoadedEditorAssemblies (2ms)
				RefreshPlugins (1ms)
				BeforeProcessingInitializeOnLoad (186ms)
				ProcessInitializeOnLoadAttributes (4404ms)
				ProcessInitializeOnLoadMethodAttributes (461ms)
				AfterProcessingInitializeOnLoad (30ms)
				EditorAssembliesLoaded (13ms)
			ExecutionOrderSort2 (0ms)
			AwakeInstancesAfterBackupRestoration (116ms)
Platform modules already initialized, skipping
Refreshing native plugins compatible for Editor in 10.73 ms, found 5 plugins.
Preloading 0 native plugins for Editor in 0.00 ms.
Unloading 3581 Unused Serialized files (Serialized files now loaded: 0)
Unloading 39 unused Assets / (81.0 KB). Loaded Objects now: 4120.
Memory consumption went from 131.2 MB to 131.1 MB.
Total: 54.709500 ms (FindLiveObjects: 0.409900 ms CreateObjectMapping: 0.232500 ms MarkObjects: 53.877800 ms  DeleteObjects: 0.187300 ms)

AssetImportParameters requested are different than current active one (requested -> active):
  custom:video-decoder-ogg-theora: a1e56fd34408186e4bbccfd4996cb3dc -> 
  custom:container-muxer-webm: aa71ff27fc2769a1b78a27578f13a17b -> 
  custom:container-demuxer-webm: 4f35f7cbe854078d1ac9338744f61a02 -> 
  custom:video-encoder-webm-vp8: eb34c28f22e8b96e1ab97ce403110664 -> 
  custom:audio-encoder-webm-vorbis: bf7c407c2cedff20999df2af8eb42d56 -> 
  custom:framework-win-MediaFoundation: 216162199b28c13a410421893ffa2e32 -> 
  custom:container-demuxer-ogg: 62fdf1f143b41e24485cea50d1cbac27 -> 
  custom:video-decoder-webm-vp8: 9c59270c3fd7afecdb556c50c9e8de78 -> 
  custom:audio-decoder-ogg-vorbis: bf7c407c2cedff20999df2af8eb42d56 -> 
========================================================================
Received Import Request.
  Time since last request: 74.849045 seconds.
  path: Assets/Models/Puzzles/happy_kitty_5x3/0x0.asset
  artifactKey: Guid(063cbae2178f4914ab04bd07416c2fd4) Importer(815301076,1909f56bfc062723c751e8b465ee728b)
Start importing Assets/Models/Puzzles/happy_kitty_5x3/0x0.asset using Guid(063cbae2178f4914ab04bd07416c2fd4) Importer(815301076,1909f56bfc062723c751e8b465ee728b)  -> (artifact id: '84f6d8b84f5dc3cdff3baecb22d1d5b3') in 0.267041 seconds 
========================================================================
Received Import Request.
  Time since last request: 0.000036 seconds.
  path: Assets/Models/Puzzles/happy_kitty_5x3/4x1.asset
  artifactKey: Guid(dea52a0a50e59974090d7bab6d7014e2) Importer(815301076,1909f56bfc062723c751e8b465ee728b)
Start importing Assets/Models/Puzzles/happy_kitty_5x3/4x1.asset using Guid(dea52a0a50e59974090d7bab6d7014e2) Importer(815301076,1909f56bfc062723c751e8b465ee728b)  -> (artifact id: '4214ad1dfdf558921e6d679bf6679e8d') in 0.039518 seconds 
========================================================================
Received Import Request.
  Time since last request: 0.000057 seconds.
  path: Assets/Models/Puzzles/happy_kitty_5x3/1x2.asset
  artifactKey: Guid(15dbafd532c138f4aa67ad75e3618352) Importer(815301076,1909f56bfc062723c751e8b465ee728b)
Start importing Assets/Models/Puzzles/happy_kitty_5x3/1x2.asset using Guid(15dbafd532c138f4aa67ad75e3618352) Importer(815301076,1909f56bfc062723c751e8b465ee728b)  -> (artifact id: '38b7146024510b7f6596a9af98ed4976') in 0.014584 seconds 
========================================================================
Received Import Request.
  Time since last request: 0.000136 seconds.
  path: Assets/Models/Puzzles/happy_kitty_5x3/2x1.asset
  artifactKey: Guid(37a2795b2fe533043abeaac3d3b030cf) Importer(815301076,1909f56bfc062723c751e8b465ee728b)
Start importing Assets/Models/Puzzles/happy_kitty_5x3/2x1.asset using Guid(37a2795b2fe533043abeaac3d3b030cf) Importer(815301076,1909f56bfc062723c751e8b465ee728b)  -> (artifact id: '8602926ccfa59ccb862a3143f2a2c264') in 0.044114 seconds 
========================================================================
Received Import Request.
  Time since last request: 0.000115 seconds.
  path: Assets/Models/Puzzles/happy_kitty_5x3/0x2.asset
  artifactKey: Guid(6731dab764405c646974148ba0b65f56) Importer(815301076,1909f56bfc062723c751e8b465ee728b)
Start importing Assets/Models/Puzzles/happy_kitty_5x3/0x2.asset using Guid(6731dab764405c646974148ba0b65f56) Importer(815301076,1909f56bfc062723c751e8b465ee728b)  -> (artifact id: 'f8eb40b008c97ce5b22ce5132d98b383') in 0.033242 seconds 
========================================================================
Received Import Request.
  Time since last request: 0.000052 seconds.
  path: Assets/Models/Puzzles/happy_kitty_5x3/3x0.asset
  artifactKey: Guid(461868365e0b73d4db7023c9513a033f) Importer(815301076,1909f56bfc062723c751e8b465ee728b)
Start importing Assets/Models/Puzzles/happy_kitty_5x3/3x0.asset using Guid(461868365e0b73d4db7023c9513a033f) Importer(815301076,1909f56bfc062723c751e8b465ee728b)  -> (artifact id: '791ef07f3b6fcf4b5b4a51847a3a15bd') in 0.021062 seconds 
========================================================================
Received Import Request.
  Time since last request: 0.000042 seconds.
  path: Assets/Models/Puzzles/happy_kitty_5x3/4x0.asset
  artifactKey: Guid(ab02a01324106254fa3f11f4e16ba1dc) Importer(815301076,1909f56bfc062723c751e8b465ee728b)
Start importing Assets/Models/Puzzles/happy_kitty_5x3/4x0.asset using Guid(ab02a01324106254fa3f11f4e16ba1dc) Importer(815301076,1909f56bfc062723c751e8b465ee728b)  -> (artifact id: 'dc03ccc5f06a644303c9eab6a7a170ec') in 0.016650 seconds 
========================================================================
Received Import Request.
  Time since last request: 0.000054 seconds.
  path: Assets/Models/Puzzles/happy_kitty_5x3/2x2.asset
  artifactKey: Guid(801977fe3b47a744d8749a4fbe792c1b) Importer(815301076,1909f56bfc062723c751e8b465ee728b)
Start importing Assets/Models/Puzzles/happy_kitty_5x3/2x2.asset using Guid(801977fe3b47a744d8749a4fbe792c1b) Importer(815301076,1909f56bfc062723c751e8b465ee728b)  -> (artifact id: 'aa7d20faa144957227911b7081021c32') in 0.015412 seconds 
========================================================================
Received Prepare
Registering precompiled user dll's ...
Registered in 0.022756 seconds.
Begin MonoManager ReloadAssembly
Symbol file LoadedFromMemory doesn't match image D:\my game\jiggsaw-puzzle\Library\PackageCache\com.unity.visualscripting@1.7.8\Editor\VisualScripting.Core\Dependencies\YamlDotNet\Unity.VisualScripting.YamlDotNet.dll
Symbol file LoadedFromMemory doesn't match image D:\my game\jiggsaw-puzzle\Library\PackageCache\com.unity.visualscripting@1.7.8\Editor\VisualScripting.Core\Dependencies\DotNetZip\Unity.VisualScripting.IonicZip.dll
Native extension for WindowsStandalone target not found
Native extension for Android target not found
Refreshing native plugins compatible for Editor in 1.86 ms, found 5 plugins.
Preloading 0 native plugins for Editor in 0.00 ms.
Mono: successfully reloaded assembly
- Completed reload, in  9.810 seconds
Domain Reload Profiling:
	ReloadAssembly (9813ms)
		BeginReloadAssembly (519ms)
			ExecutionOrderSort (0ms)
			DisableScriptedObjects (22ms)
			BackupInstance (0ms)
			ReleaseScriptingObjects (0ms)
			CreateAndSetChildDomain (166ms)
		EndReloadAssembly (8943ms)
			LoadAssemblies (322ms)
			RebuildTransferFunctionScriptingTraits (0ms)
			SetupTypeCache (1083ms)
			ReleaseScriptCaches (4ms)
			RebuildScriptCaches (183ms)
			SetupLoadedEditorAssemblies (6857ms)
				LogAssemblyErrors (0ms)
				InitializePlatformSupportModulesInManaged (81ms)
				SetLoadedEditorAssemblies (2ms)
				RefreshPlugins (2ms)
				BeforeProcessingInitializeOnLoad (265ms)
				ProcessInitializeOnLoadAttributes (5464ms)
				ProcessInitializeOnLoadMethodAttributes (1004ms)
				AfterProcessingInitializeOnLoad (32ms)
				EditorAssembliesLoaded (6ms)
			ExecutionOrderSort2 (0ms)
			AwakeInstancesAfterBackupRestoration (34ms)
Platform modules already initialized, skipping
Refreshing native plugins compatible for Editor in 13.04 ms, found 5 plugins.
Preloading 0 native plugins for Editor in 0.00 ms.
Unloading 3581 Unused Serialized files (Serialized files now loaded: 0)
Unloading 39 unused Assets / (81.0 KB). Loaded Objects now: 4123.
Memory consumption went from 131.3 MB to 131.3 MB.
Total: 55.795800 ms (FindLiveObjects: 0.463900 ms CreateObjectMapping: 0.548000 ms MarkObjects: 54.543600 ms  DeleteObjects: 0.237500 ms)

AssetImportParameters requested are different than current active one (requested -> active):
  custom:video-decoder-ogg-theora: a1e56fd34408186e4bbccfd4996cb3dc -> 
  custom:container-muxer-webm: aa71ff27fc2769a1b78a27578f13a17b -> 
  custom:container-demuxer-webm: 4f35f7cbe854078d1ac9338744f61a02 -> 
  custom:video-encoder-webm-vp8: eb34c28f22e8b96e1ab97ce403110664 -> 
  custom:audio-encoder-webm-vorbis: bf7c407c2cedff20999df2af8eb42d56 -> 
  custom:framework-win-MediaFoundation: 216162199b28c13a410421893ffa2e32 -> 
  custom:container-demuxer-ogg: 62fdf1f143b41e24485cea50d1cbac27 -> 
  custom:video-decoder-webm-vp8: 9c59270c3fd7afecdb556c50c9e8de78 -> 
  custom:audio-decoder-ogg-vorbis: bf7c407c2cedff20999df2af8eb42d56 -> 
========================================================================
Received Prepare
Registering precompiled user dll's ...
Registered in 0.017479 seconds.
Begin MonoManager ReloadAssembly
Symbol file LoadedFromMemory doesn't match image D:\my game\jiggsaw-puzzle\Library\PackageCache\com.unity.visualscripting@1.7.8\Editor\VisualScripting.Core\Dependencies\YamlDotNet\Unity.VisualScripting.YamlDotNet.dll
Symbol file LoadedFromMemory doesn't match image D:\my game\jiggsaw-puzzle\Library\PackageCache\com.unity.visualscripting@1.7.8\Editor\VisualScripting.Core\Dependencies\DotNetZip\Unity.VisualScripting.IonicZip.dll
Native extension for WindowsStandalone target not found
Native extension for Android target not found
Refreshing native plugins compatible for Editor in 1.92 ms, found 5 plugins.
Preloading 0 native plugins for Editor in 0.00 ms.
Mono: successfully reloaded assembly
- Completed reload, in  7.844 seconds
Domain Reload Profiling:
	ReloadAssembly (7850ms)
		BeginReloadAssembly (401ms)
			ExecutionOrderSort (0ms)
			DisableScriptedObjects (14ms)
			BackupInstance (0ms)
			ReleaseScriptingObjects (0ms)
			CreateAndSetChildDomain (135ms)
		EndReloadAssembly (7145ms)
			LoadAssemblies (272ms)
			RebuildTransferFunctionScriptingTraits (0ms)
			SetupTypeCache (893ms)
			ReleaseScriptCaches (2ms)
			RebuildScriptCaches (142ms)
			SetupLoadedEditorAssemblies (5219ms)
				LogAssemblyErrors (0ms)
				InitializePlatformSupportModulesInManaged (64ms)
				SetLoadedEditorAssemblies (2ms)
				RefreshPlugins (2ms)
				BeforeProcessingInitializeOnLoad (203ms)
				ProcessInitializeOnLoadAttributes (4375ms)
				ProcessInitializeOnLoadMethodAttributes (541ms)
				AfterProcessingInitializeOnLoad (30ms)
				EditorAssembliesLoaded (1ms)
			ExecutionOrderSort2 (0ms)
			AwakeInstancesAfterBackupRestoration (125ms)
Platform modules already initialized, skipping
Refreshing native plugins compatible for Editor in 8.43 ms, found 5 plugins.
Preloading 0 native plugins for Editor in 0.00 ms.
Unloading 3581 Unused Serialized files (Serialized files now loaded: 0)
Unloading 39 unused Assets / (81.0 KB). Loaded Objects now: 4126.
Memory consumption went from 131.3 MB to 131.3 MB.
Total: 53.993000 ms (FindLiveObjects: 0.751500 ms CreateObjectMapping: 0.446800 ms MarkObjects: 52.622900 ms  DeleteObjects: 0.169000 ms)

AssetImportParameters requested are different than current active one (requested -> active):
  custom:video-decoder-ogg-theora: a1e56fd34408186e4bbccfd4996cb3dc -> 
  custom:container-muxer-webm: aa71ff27fc2769a1b78a27578f13a17b -> 
  custom:container-demuxer-webm: 4f35f7cbe854078d1ac9338744f61a02 -> 
  custom:video-encoder-webm-vp8: eb34c28f22e8b96e1ab97ce403110664 -> 
  custom:audio-encoder-webm-vorbis: bf7c407c2cedff20999df2af8eb42d56 -> 
  custom:framework-win-MediaFoundation: 216162199b28c13a410421893ffa2e32 -> 
  custom:container-demuxer-ogg: 62fdf1f143b41e24485cea50d1cbac27 -> 
  custom:video-decoder-webm-vp8: 9c59270c3fd7afecdb556c50c9e8de78 -> 
  custom:audio-decoder-ogg-vorbis: bf7c407c2cedff20999df2af8eb42d56 -> 
========================================================================
Received Prepare
Registering precompiled user dll's ...
Registered in 0.018357 seconds.
Begin MonoManager ReloadAssembly
Symbol file LoadedFromMemory doesn't match image D:\my game\jiggsaw-puzzle\Library\PackageCache\com.unity.visualscripting@1.7.8\Editor\VisualScripting.Core\Dependencies\YamlDotNet\Unity.VisualScripting.YamlDotNet.dll
Symbol file LoadedFromMemory doesn't match image D:\my game\jiggsaw-puzzle\Library\PackageCache\com.unity.visualscripting@1.7.8\Editor\VisualScripting.Core\Dependencies\DotNetZip\Unity.VisualScripting.IonicZip.dll
Native extension for WindowsStandalone target not found
Native extension for Android target not found
Refreshing native plugins compatible for Editor in 1.74 ms, found 5 plugins.
Preloading 0 native plugins for Editor in 0.00 ms.
Mono: successfully reloaded assembly
- Completed reload, in  8.322 seconds
Domain Reload Profiling:
	ReloadAssembly (8324ms)
		BeginReloadAssembly (451ms)
			ExecutionOrderSort (0ms)
			DisableScriptedObjects (24ms)
			BackupInstance (0ms)
			ReleaseScriptingObjects (0ms)
			CreateAndSetChildDomain (150ms)
		EndReloadAssembly (7562ms)
			LoadAssemblies (288ms)
			RebuildTransferFunctionScriptingTraits (0ms)
			SetupTypeCache (882ms)
			ReleaseScriptCaches (3ms)
			RebuildScriptCaches (128ms)
			SetupLoadedEditorAssemblies (5918ms)
				LogAssemblyErrors (0ms)
				InitializePlatformSupportModulesInManaged (83ms)
				SetLoadedEditorAssemblies (2ms)
				RefreshPlugins (2ms)
				BeforeProcessingInitializeOnLoad (207ms)
				ProcessInitializeOnLoadAttributes (4645ms)
				ProcessInitializeOnLoadMethodAttributes (952ms)
				AfterProcessingInitializeOnLoad (27ms)
				EditorAssembliesLoaded (1ms)
			ExecutionOrderSort2 (0ms)
			AwakeInstancesAfterBackupRestoration (195ms)
Platform modules already initialized, skipping
Refreshing native plugins compatible for Editor in 35.10 ms, found 5 plugins.
Preloading 0 native plugins for Editor in 0.00 ms.
Unloading 3581 Unused Serialized files (Serialized files now loaded: 0)
Unloading 39 unused Assets / (81.0 KB). Loaded Objects now: 4129.
Memory consumption went from 131.4 MB to 131.3 MB.
Total: 64.323600 ms (FindLiveObjects: 0.603800 ms CreateObjectMapping: 0.323300 ms MarkObjects: 63.181700 ms  DeleteObjects: 0.212200 ms)

AssetImportParameters requested are different than current active one (requested -> active):
  custom:video-decoder-ogg-theora: a1e56fd34408186e4bbccfd4996cb3dc -> 
  custom:container-muxer-webm: aa71ff27fc2769a1b78a27578f13a17b -> 
  custom:container-demuxer-webm: 4f35f7cbe854078d1ac9338744f61a02 -> 
  custom:video-encoder-webm-vp8: eb34c28f22e8b96e1ab97ce403110664 -> 
  custom:audio-encoder-webm-vorbis: bf7c407c2cedff20999df2af8eb42d56 -> 
  custom:framework-win-MediaFoundation: 216162199b28c13a410421893ffa2e32 -> 
  custom:container-demuxer-ogg: 62fdf1f143b41e24485cea50d1cbac27 -> 
  custom:video-decoder-webm-vp8: 9c59270c3fd7afecdb556c50c9e8de78 -> 
  custom:audio-decoder-ogg-vorbis: bf7c407c2cedff20999df2af8eb42d56 -> 
